<?xml version="1.0" encoding="UTF-8"?>
<testng-results ignored="0" total="4" passed="4" failed="0" skipped="0">
  <reporter-output>
  </reporter-output>
  <suite started-at="2024-10-13T01:22:55 EEST" name="Login Feature" finished-at="2024-10-13T01:23:06 EEST" duration-ms="10695">
    <groups>
      <group name="Login">
        <method signature="VerifyTheLoginSection.Verify_Succeful_Login()[pri:9, instance:VerifyTheLoginSection@25d250c6]" name="Verify_Succeful_Login" class="VerifyTheLoginSection"/>
      </group> <!-- Login -->
    </groups>
    <test started-at="2024-10-13T01:22:55 EEST" name="LogIn" finished-at="2024-10-13T01:23:06 EEST" duration-ms="10695">
      <class name="VerifyTheLoginSection">
        <test-method is-config="true" signature="Launch_Browser()[pri:0, instance:VerifyTheLoginSection@25d250c6]" started-at="2024-10-13T01:22:55 EEST" name="Launch_Browser" finished-at="2024-10-13T01:23:01 EEST" duration-ms="5806" status="PASS">
          <reporter-output>
          </reporter-output>
        </test-method> <!-- Launch_Browser -->
        <test-method signature="Verify_BlankData_For_UserID_Or_Password()[pri:1, instance:VerifyTheLoginSection@25d250c6]" started-at="2024-10-13T01:23:01 EEST" name="Verify_BlankData_For_UserID_Or_Password" finished-at="2024-10-13T01:23:01 EEST" duration-ms="345" status="PASS">
          <reporter-output>
          </reporter-output>
        </test-method> <!-- Verify_BlankData_For_UserID_Or_Password -->
        <test-method signature="Verify_Enter_Wrong_UserId()[pri:2, instance:VerifyTheLoginSection@25d250c6]" started-at="2024-10-13T01:23:01 EEST" name="Verify_Enter_Wrong_UserId" finished-at="2024-10-13T01:23:02 EEST" duration-ms="1076" status="PASS">
          <reporter-output>
          </reporter-output>
        </test-method> <!-- Verify_Enter_Wrong_UserId -->
        <test-method signature="Verify_Enter_Wrong_Password()[pri:3, instance:VerifyTheLoginSection@25d250c6]" started-at="2024-10-13T01:23:02 EEST" name="Verify_Enter_Wrong_Password" finished-at="2024-10-13T01:23:03 EEST" duration-ms="1239" status="PASS">
          <reporter-output>
          </reporter-output>
        </test-method> <!-- Verify_Enter_Wrong_Password -->
        <test-method signature="Verify_Succeful_Login()[pri:9, instance:VerifyTheLoginSection@25d250c6]" started-at="2024-10-13T01:23:03 EEST" name="Verify_Succeful_Login" finished-at="2024-10-13T01:23:05 EEST" duration-ms="1978" status="PASS">
          <reporter-output>
          </reporter-output>
        </test-method> <!-- Verify_Succeful_Login -->
        <test-method is-config="true" signature="Close_Browser()[pri:0, instance:VerifyTheLoginSection@25d250c6]" started-at="2024-10-13T01:23:05 EEST" name="Close_Browser" finished-at="2024-10-13T01:23:06 EEST" duration-ms="155" status="PASS">
          <reporter-output>
          </reporter-output>
        </test-method> <!-- Close_Browser -->
      </class> <!-- VerifyTheLoginSection -->
    </test> <!-- LogIn -->
  </suite> <!-- Login Feature -->
</testng-results>
