<?xml version="1.0" encoding="UTF-8"?>
<!-- Generated by org.testng.reporters.JUnitXMLReporter -->
<testsuite ignored="0" hostname="Omar-Medhat" failures="0" tests="4" name="LogIn" time="26.382" errors="0" timestamp="2024-10-12T23:45:17 EEST">
  <testcase classname="Login.VerifyTheLoginSection" name="Verify_BlankData_For_UserID_Or_Password" time="0.761"/>
  <testcase classname="Login.VerifyTheLoginSection" name="Verify_Enter_Wrong_UserId" time="1.327"/>
  <testcase classname="Login.VerifyTheLoginSection" name="Verify_Enter_Wrong_Password" time="1.849"/>
  <testcase classname="Login.VerifyTheLoginSection" name="Verify_Succeful_Login" time="1.895"/>
</testsuite> <!-- LogIn -->
